<?xml version="1.0" encoding="UTF-8" ?>
<testsuite tests="6" failures="0" name="myBeans.dbConnectTest" time="0.003" errors="0" skipped="0">
  <properties>
[...]
</properties>
  <testcase classname="myBeans.dbConnectTest" name="testHtmlDropdownQuery" time="0.003"/>
  <testcase classname="myBeans.dbConnectTest" name="testCleanPhone" time="0"/>
  <testcase classname="myBeans.dbConnectTest" name="testHtmlTableQuery" time="0"/>
  <testcase classname="myBeans.dbConnectTest" name="testLoginCred" time="0"/>
  <testcase classname="myBeans.dbConnectTest" name="testQueryDB" time="0"/>
  <testcase classname="myBeans.dbConnectTest" name="testHtmlListQuery" time="0"/>
</testsuite>